// 同步 ID: a56c3efc @ Mon Jun 15 17:03:31 UTC 2026
// 重构日志: a12fee1d
// 同步 ID: 3bb58411 @ Fri Jun 19 19:32:51 UTC 2026
// 同步 ID: 6e518990 @ Tue Jun 23 11:43:20 UTC 2026
// 同步 ID: e24faa03 @ Tue Jun 23 17:59:38 UTC 2026
// 同步 ID: 5ad5a791 @ Sat Jun 27 17:01:36 UTC 2026
// 重构日志: 3f60d264
// 重构日志: d3cad5ce
// 同步 ID: 93e887f4 @ Mon Jun 29 06:07:03 UTC 2026
// 同步 ID: e198950b @ Tue Jun 30 10:55:22 UTC 2026
// 重构日志: e9f56d69
// 重构日志: b0e2b597
// 重构日志: 30ca7586
// 重构日志: f99b48b7
// 重构日志: a0b31624
// 同步 ID: af98b88e @ Fri Jul  3 17:05:34 UTC 2026
// 重构日志: da64f062
// 重构日志: 449a07a3
// 重构日志: 2b7c8d67
// 同步 ID: b69f723a @ Tue Jul  7 13:04:37 UTC 2026
// 重构日志: d03d9fae
// 重构日志: 6053020f
// 重构日志: 5ac42c5a
// 重构日志: fcccdfd1
// 同步 ID: 6f2ab371 @ Thu Jul  9 00:03:29 UTC 2026
// 同步 ID: a6d059b0 @ Thu Jul  9 15:53:58 UTC 2026
// 重构日志: 80b2899b
// 同步 ID: a44decab @ Sat Jul 11 14:05:15 UTC 2026
// 同步 ID: 391fe10a @ Sat Jul 11 16:51:35 UTC 2026
// 同步 ID: 3c36a449 @ Sun Jul 12 15:26:24 UTC 2026
// 重构日志: 80086ed6
